<?xml version="1.0" encoding="UTF-8"?>
<!-- Generated by org.testng.reporters.JUnitXMLReporter -->
<testsuite hostname="Navinkumar_Singh_Laptop" name="LoginToTheApplication" tests="2" failures="1" timestamp="16 May 2019 12:46:05 GMT" time="21.13" errors="0">
  <testcase name="loginToApplication" time="1.234" classname="com.qa.testsuites.LoginToTheApplication">
    <failure type="java.lang.AssertionError" message="Failed to validate Amazon launch expected [true] but found [false]">
      <![CDATA[java.lang.AssertionError: Failed to validate Amazon launch expected [true] but found [false]
	at com.qa.testsuites.LoginToTheApplication.loginToApplication(LoginToTheApplication.java:37)
	at java.util.concurrent.ThreadPoolExecutor.runWorker(ThreadPoolExecutor.java:1149)
	at java.util.concurrent.ThreadPoolExecutor$Worker.run(ThreadPoolExecutor.java:624)
	at java.lang.Thread.run(Thread.java:748)
... Removed 13 stack frames]]>
    </failure>
  </testcase> <!-- loginToApplication -->
  <testcase name="validatingCloseBrowser" time="2.074" classname="com.qa.testsuites.LoginToTheApplication"/>
</testsuite> <!-- LoginToTheApplication -->
