<?xml version="1.0" encoding="UTF-8"?>
<!-- Generated by org.testng.reporters.JUnitXMLReporter -->
<testsuite hostname="Navinkumar_Singh_Laptop" name="Default test" tests="4" failures="0" timestamp="17 May 2019 21:15:30 GMT" time="39.146" errors="0">
  <testcase name="validatingLogin" time="6.358" classname="com.qa.testsuites.LoginToTheApplication"/>
  <testcase name="ValidatingFirstAvailableHeadphoneAddedToCart" time="13.819" classname="com.qa.testsuites.LoginToTheApplication"/>
  <testcase name="ValidatingMacBookProAddedToCart" time="2.965" classname="com.qa.testsuites.LoginToTheApplication"/>
  <testcase name="validatingCloseBrowser" time="2.004" classname="com.qa.testsuites.LoginToTheApplication"/>
</testsuite> <!-- Default test -->
