<?xml version="1.0" encoding="UTF-8"?>
<testng-results skipped="0" failed="0" total="3" passed="3">
  <reporter-output>
  </reporter-output>
  <suite name="Automation" duration-ms="34859" started-at="2019-05-17T11:10:58Z" finished-at="2019-05-17T11:11:33Z">
    <groups>
    </groups>
    <test name="LoginToTheApplication" duration-ms="34859" started-at="2019-05-17T11:10:58Z" finished-at="2019-05-17T11:11:33Z">
      <class name="com.qa.testsuites.LoginToTheApplication">
        <test-method status="PASS" signature="initFramewotk()[pri:0, instance:com.qa.testsuites.LoginToTheApplication@57fffcd7]" name="initFramewotk" is-config="true" duration-ms="2681" started-at="2019-05-17T16:40:58Z" finished-at="2019-05-17T16:41:01Z">
          <reporter-output>
          </reporter-output>
        </test-method> <!-- initFramewotk -->
        <test-method status="PASS" signature="launchApplication()[pri:0, instance:com.qa.testsuites.LoginToTheApplication@57fffcd7]" name="launchApplication" is-config="true" duration-ms="10376" started-at="2019-05-17T16:41:01Z" finished-at="2019-05-17T16:41:11Z">
          <reporter-output>
          </reporter-output>
        </test-method> <!-- launchApplication -->
        <test-method status="PASS" signature="loadDataProperties()[pri:0, instance:com.qa.testsuites.LoginToTheApplication@57fffcd7]" name="loadDataProperties" is-config="true" duration-ms="4" started-at="2019-05-17T16:41:11Z" finished-at="2019-05-17T16:41:11Z">
          <reporter-output>
          </reporter-output>
        </test-method> <!-- loadDataProperties -->
        <test-method status="PASS" signature="setupLogger(java.lang.reflect.Method)[pri:0, instance:com.qa.testsuites.LoginToTheApplication@57fffcd7]" name="setupLogger" is-config="true" duration-ms="5" started-at="2019-05-17T16:41:11Z" finished-at="2019-05-17T16:41:11Z">
          <params>
            <param index="0">
              <value>
                <![CDATA[public void com.qa.testsuites.LoginToTheApplication.validatingLogin() throws java.lang.Exception]]>
              </value>
            </param>
          </params>
          <reporter-output>
          </reporter-output>
        </test-method> <!-- setupLogger -->
        <test-method status="PASS" signature="validatingLogin()[pri:0, instance:com.qa.testsuites.LoginToTheApplication@57fffcd7]" name="validatingLogin" duration-ms="5833" started-at="2019-05-17T16:41:11Z" finished-at="2019-05-17T16:41:17Z">
          <reporter-output>
          </reporter-output>
        </test-method> <!-- validatingLogin -->
        <test-method status="PASS" signature="setupLogger(java.lang.reflect.Method)[pri:0, instance:com.qa.testsuites.LoginToTheApplication@57fffcd7]" name="setupLogger" is-config="true" duration-ms="1" started-at="2019-05-17T16:41:17Z" finished-at="2019-05-17T16:41:17Z">
          <params>
            <param index="0">
              <value>
                <![CDATA[public void com.qa.testsuites.LoginToTheApplication.ValidatingHeadphoneAndAddToCart() throws java.lang.Exception]]>
              </value>
            </param>
          </params>
          <reporter-output>
          </reporter-output>
        </test-method> <!-- setupLogger -->
        <test-method status="PASS" signature="ValidatingHeadphoneAndAddToCart()[pri:0, instance:com.qa.testsuites.LoginToTheApplication@57fffcd7]" name="ValidatingHeadphoneAndAddToCart" duration-ms="13382" started-at="2019-05-17T16:41:17Z" finished-at="2019-05-17T16:41:30Z">
          <reporter-output>
          </reporter-output>
        </test-method> <!-- ValidatingHeadphoneAndAddToCart -->
        <test-method status="PASS" signature="setupLogger(java.lang.reflect.Method)[pri:0, instance:com.qa.testsuites.LoginToTheApplication@57fffcd7]" name="setupLogger" is-config="true" duration-ms="1" started-at="2019-05-17T16:41:30Z" finished-at="2019-05-17T16:41:30Z">
          <params>
            <param index="0">
              <value>
                <![CDATA[public void com.qa.testsuites.LoginToTheApplication.validatingCloseBrowser() throws java.lang.Exception]]>
              </value>
            </param>
          </params>
          <reporter-output>
          </reporter-output>
        </test-method> <!-- setupLogger -->
        <test-method status="PASS" signature="validatingCloseBrowser()[pri:0, instance:com.qa.testsuites.LoginToTheApplication@57fffcd7]" name="validatingCloseBrowser" duration-ms="2563" started-at="2019-05-17T16:41:30Z" finished-at="2019-05-17T16:41:33Z">
          <reporter-output>
          </reporter-output>
        </test-method> <!-- validatingCloseBrowser -->
      </class> <!-- com.qa.testsuites.LoginToTheApplication -->
    </test> <!-- LoginToTheApplication -->
  </suite> <!-- Automation -->
</testng-results>
