<?xml version="1.0" encoding="UTF-8"?>
<testng-results skipped="0" failed="1" total="5" passed="4">
  <reporter-output>
  </reporter-output>
  <suite name="Automation" duration-ms="64667" started-at="2019-05-19T21:08:30Z" finished-at="2019-05-19T21:09:34Z">
    <groups>
    </groups>
    <test name="TestSuite" duration-ms="64667" started-at="2019-05-19T21:08:30Z" finished-at="2019-05-19T21:09:34Z">
      <class name="com.qa.testsuites.TestSuite">
        <test-method status="PASS" signature="initFramewotk()[pri:0, instance:com.qa.testsuites.TestSuite@57fffcd7]" name="initFramewotk" is-config="true" duration-ms="2794" started-at="2019-05-20T02:38:30Z" finished-at="2019-05-20T02:38:32Z">
          <reporter-output>
          </reporter-output>
        </test-method> <!-- initFramewotk -->
        <test-method status="PASS" signature="launchApplication()[pri:0, instance:com.qa.testsuites.TestSuite@57fffcd7]" name="launchApplication" is-config="true" duration-ms="16635" started-at="2019-05-20T02:38:32Z" finished-at="2019-05-20T02:38:49Z">
          <reporter-output>
          </reporter-output>
        </test-method> <!-- launchApplication -->
        <test-method status="PASS" signature="loadDataProperties()[pri:0, instance:com.qa.testsuites.TestSuite@57fffcd7]" name="loadDataProperties" is-config="true" duration-ms="0" started-at="2019-05-20T02:38:49Z" finished-at="2019-05-20T02:38:49Z">
          <reporter-output>
          </reporter-output>
        </test-method> <!-- loadDataProperties -->
        <test-method status="PASS" signature="setupLogger(java.lang.reflect.Method)[pri:0, instance:com.qa.testsuites.TestSuite@57fffcd7]" name="setupLogger" is-config="true" duration-ms="9" started-at="2019-05-20T02:38:49Z" finished-at="2019-05-20T02:38:49Z">
          <params>
            <param index="0">
              <value>
                <![CDATA[public void com.qa.testsuites.TestSuite.validatingLoginAndLogoutFromApplication() throws java.lang.Exception]]>
              </value>
            </param>
          </params>
          <reporter-output>
          </reporter-output>
        </test-method> <!-- setupLogger -->
        <test-method status="PASS" signature="validatingLoginAndLogoutFromApplication()[pri:0, instance:com.qa.testsuites.TestSuite@57fffcd7]" name="validatingLoginAndLogoutFromApplication" duration-ms="8591" started-at="2019-05-20T02:38:49Z" finished-at="2019-05-20T02:38:58Z">
          <reporter-output>
          </reporter-output>
        </test-method> <!-- validatingLoginAndLogoutFromApplication -->
        <test-method status="PASS" signature="setupLogger(java.lang.reflect.Method)[pri:0, instance:com.qa.testsuites.TestSuite@57fffcd7]" name="setupLogger" is-config="true" duration-ms="2" started-at="2019-05-20T02:38:58Z" finished-at="2019-05-20T02:38:58Z">
          <params>
            <param index="0">
              <value>
                <![CDATA[public void com.qa.testsuites.TestSuite.ValidatingFirstAvailableHeadphoneAddToCart() throws java.lang.Exception]]>
              </value>
            </param>
          </params>
          <reporter-output>
          </reporter-output>
        </test-method> <!-- setupLogger -->
        <test-method status="PASS" signature="ValidatingFirstAvailableHeadphoneAddToCart()[pri:0, instance:com.qa.testsuites.TestSuite@57fffcd7]" name="ValidatingFirstAvailableHeadphoneAddToCart" duration-ms="16993" started-at="2019-05-20T02:38:58Z" finished-at="2019-05-20T02:39:15Z">
          <reporter-output>
          </reporter-output>
        </test-method> <!-- ValidatingFirstAvailableHeadphoneAddToCart -->
        <test-method status="PASS" signature="setupLogger(java.lang.reflect.Method)[pri:0, instance:com.qa.testsuites.TestSuite@57fffcd7]" name="setupLogger" is-config="true" duration-ms="1" started-at="2019-05-20T02:39:15Z" finished-at="2019-05-20T02:39:15Z">
          <params>
            <param index="0">
              <value>
                <![CDATA[public void com.qa.testsuites.TestSuite.ValidatingMacBookProAddedToCart() throws java.lang.Exception]]>
              </value>
            </param>
          </params>
          <reporter-output>
          </reporter-output>
        </test-method> <!-- setupLogger -->
        <test-method status="PASS" signature="ValidatingMacBookProAddedToCart()[pri:0, instance:com.qa.testsuites.TestSuite@57fffcd7]" name="ValidatingMacBookProAddedToCart" duration-ms="13935" started-at="2019-05-20T02:39:15Z" finished-at="2019-05-20T02:39:29Z">
          <reporter-output>
          </reporter-output>
        </test-method> <!-- ValidatingMacBookProAddedToCart -->
        <test-method status="PASS" signature="setupLogger(java.lang.reflect.Method)[pri:0, instance:com.qa.testsuites.TestSuite@57fffcd7]" name="setupLogger" is-config="true" duration-ms="0" started-at="2019-05-20T02:39:29Z" finished-at="2019-05-20T02:39:29Z">
          <params>
            <param index="0">
              <value>
                <![CDATA[public void com.qa.testsuites.TestSuite.ValidatingSelectCartAndRemoveHeadphoneReduceMacQuantityAndCheckout() throws java.lang.Exception]]>
              </value>
            </param>
          </params>
          <reporter-output>
          </reporter-output>
        </test-method> <!-- setupLogger -->
        <test-method status="FAIL" signature="ValidatingSelectCartAndRemoveHeadphoneReduceMacQuantityAndCheckout()[pri:0, instance:com.qa.testsuites.TestSuite@57fffcd7]" name="ValidatingSelectCartAndRemoveHeadphoneReduceMacQuantityAndCheckout" duration-ms="4470" started-at="2019-05-20T02:39:29Z" finished-at="2019-05-20T02:39:33Z">
          <exception class="org.openqa.selenium.StaleElementReferenceException">
            <message>
              <![CDATA[stale element reference: element is not attached to the page document
  (Session info: chrome=71.0.3578.80)
  (Driver info: chromedriver=2.46.628402 (536cd7adbad73a3783fdc2cab92ab2ba7ec361e1),platform=Windows NT 10.0.17763 x86_64) (WARNING: The server did not provide any stacktrace information)
Command duration or timeout: 480 milliseconds
For documentation on this error, please visit: http://seleniumhq.org/exceptions/stale_element_reference.html
Build info: version: '2.53.1', revision: 'a36b8b1cd5757287168e54b817830adce9b0158d', time: '2016-06-30 19:26:09'
System info: host: 'Navinkumar_Singh_Laptop', ip: '192.168.2.8', os.name: 'Windows 10', os.arch: 'amd64', os.version: '10.0', java.version: '1.8.0_144'
Driver info: org.openqa.selenium.chrome.ChromeDriver
Capabilities [{mobileEmulationEnabled=false, timeouts={implicit=0, pageLoad=300000, script=30000}, hasTouchScreen=false, platform=XP, acceptSslCerts=false, goog:chromeOptions={debuggerAddress=localhost:58255}, acceptInsecureCerts=false, webStorageEnabled=true, browserName=chrome, takesScreenshot=true, javascriptEnabled=true, setWindowRect=true, unexpectedAlertBehaviour=ignore, applicationCacheEnabled=false, rotatable=false, networkConnectionEnabled=false, chrome={chromedriverVersion=2.46.628402 (536cd7adbad73a3783fdc2cab92ab2ba7ec361e1), userDataDir=C:\Users\NAVINK~1.SIN\AppData\Local\Temp\scoped_dir91904_18934}, takesHeapSnapshot=true, pageLoadStrategy=normal, strictFileInteractability=false, databaseEnabled=false, handlesAlerts=true, version=71.0.3578.80, browserConnectionEnabled=false, proxy={}, nativeEvents=true, locationContextEnabled=true, cssSelectorsEnabled=true}]
Session ID: e4e84b663bb20d31169a2b31be4f84d7]]>
            </message>
            <full-stacktrace>
              <![CDATA[org.openqa.selenium.StaleElementReferenceException: stale element reference: element is not attached to the page document
  (Session info: chrome=71.0.3578.80)
  (Driver info: chromedriver=2.46.628402 (536cd7adbad73a3783fdc2cab92ab2ba7ec361e1),platform=Windows NT 10.0.17763 x86_64) (WARNING: The server did not provide any stacktrace information)
Command duration or timeout: 480 milliseconds
For documentation on this error, please visit: http://seleniumhq.org/exceptions/stale_element_reference.html
Build info: version: '2.53.1', revision: 'a36b8b1cd5757287168e54b817830adce9b0158d', time: '2016-06-30 19:26:09'
System info: host: 'Navinkumar_Singh_Laptop', ip: '192.168.2.8', os.name: 'Windows 10', os.arch: 'amd64', os.version: '10.0', java.version: '1.8.0_144'
Driver info: org.openqa.selenium.chrome.ChromeDriver
Capabilities [{mobileEmulationEnabled=false, timeouts={implicit=0, pageLoad=300000, script=30000}, hasTouchScreen=false, platform=XP, acceptSslCerts=false, goog:chromeOptions={debuggerAddress=localhost:58255}, acceptInsecureCerts=false, webStorageEnabled=true, browserName=chrome, takesScreenshot=true, javascriptEnabled=true, setWindowRect=true, unexpectedAlertBehaviour=ignore, applicationCacheEnabled=false, rotatable=false, networkConnectionEnabled=false, chrome={chromedriverVersion=2.46.628402 (536cd7adbad73a3783fdc2cab92ab2ba7ec361e1), userDataDir=C:\Users\NAVINK~1.SIN\AppData\Local\Temp\scoped_dir91904_18934}, takesHeapSnapshot=true, pageLoadStrategy=normal, strictFileInteractability=false, databaseEnabled=false, handlesAlerts=true, version=71.0.3578.80, browserConnectionEnabled=false, proxy={}, nativeEvents=true, locationContextEnabled=true, cssSelectorsEnabled=true}]
Session ID: e4e84b663bb20d31169a2b31be4f84d7
	at sun.reflect.NativeConstructorAccessorImpl.newInstance0(Native Method)
	at sun.reflect.NativeConstructorAccessorImpl.newInstance(NativeConstructorAccessorImpl.java:62)
	at sun.reflect.DelegatingConstructorAccessorImpl.newInstance(DelegatingConstructorAccessorImpl.java:45)
	at java.lang.reflect.Constructor.newInstance(Constructor.java:423)
	at org.openqa.selenium.remote.ErrorHandler.createThrowable(ErrorHandler.java:206)
	at org.openqa.selenium.remote.ErrorHandler.throwIfResponseFailed(ErrorHandler.java:158)
	at org.openqa.selenium.remote.RemoteWebDriver.execute(RemoteWebDriver.java:678)
	at org.openqa.selenium.remote.RemoteWebElement.execute(RemoteWebElement.java:327)
	at org.openqa.selenium.remote.RemoteWebElement.click(RemoteWebElement.java:85)
	at com.qa.common.WebDriverWrappers.click(WebDriverWrappers.java:36)
	at com.qa.test.methods.CommonMethods.selectCartAndRemoveHeadphoneReduceMacQuantityAndCheckout(CommonMethods.java:348)
	at com.qa.testsuites.TestSuite.ValidatingSelectCartAndRemoveHeadphoneReduceMacQuantityAndCheckout(TestSuite.java:65)
	at sun.reflect.NativeMethodAccessorImpl.invoke0(Native Method)
	at sun.reflect.NativeMethodAccessorImpl.invoke(NativeMethodAccessorImpl.java:62)
	at sun.reflect.DelegatingMethodAccessorImpl.invoke(DelegatingMethodAccessorImpl.java:43)
	at java.lang.reflect.Method.invoke(Method.java:498)
	at org.testng.internal.MethodInvocationHelper.invokeMethod(MethodInvocationHelper.java:84)
	at org.testng.internal.Invoker.invokeMethod(Invoker.java:714)
	at org.testng.internal.Invoker.invokeTestMethod(Invoker.java:901)
	at org.testng.internal.Invoker.invokeTestMethods(Invoker.java:1231)
	at org.testng.internal.TestMethodWorker.invokeTestMethods(TestMethodWorker.java:127)
	at org.testng.internal.TestMethodWorker.run(TestMethodWorker.java:111)
	at org.testng.TestRunner.privateRun(TestRunner.java:767)
	at org.testng.TestRunner.run(TestRunner.java:617)
	at org.testng.SuiteRunner.runTest(SuiteRunner.java:334)
	at org.testng.SuiteRunner.runSequentially(SuiteRunner.java:329)
	at org.testng.SuiteRunner.privateRun(SuiteRunner.java:291)
	at org.testng.SuiteRunner.run(SuiteRunner.java:240)
	at org.testng.SuiteRunnerWorker.runSuite(SuiteRunnerWorker.java:52)
	at org.testng.SuiteRunnerWorker.run(SuiteRunnerWorker.java:86)
	at org.testng.TestNG.runSuitesSequentially(TestNG.java:1224)
	at org.testng.TestNG.runSuitesLocally(TestNG.java:1149)
	at org.testng.TestNG.run(TestNG.java:1057)
	at org.testng.remote.AbstractRemoteTestNG.run(AbstractRemoteTestNG.java:114)
	at org.testng.remote.RemoteTestNG.initAndRun(RemoteTestNG.java:251)
	at org.testng.remote.RemoteTestNG.main(RemoteTestNG.java:77)
]]>
            </full-stacktrace>
          </exception> <!-- org.openqa.selenium.StaleElementReferenceException -->
          <reporter-output>
          </reporter-output>
        </test-method> <!-- ValidatingSelectCartAndRemoveHeadphoneReduceMacQuantityAndCheckout -->
        <test-method status="PASS" signature="setupLogger(java.lang.reflect.Method)[pri:0, instance:com.qa.testsuites.TestSuite@57fffcd7]" name="setupLogger" is-config="true" duration-ms="1" started-at="2019-05-20T02:39:33Z" finished-at="2019-05-20T02:39:33Z">
          <params>
            <param index="0">
              <value>
                <![CDATA[public void com.qa.testsuites.TestSuite.validatingCloseBrowser() throws java.lang.Exception]]>
              </value>
            </param>
          </params>
          <reporter-output>
          </reporter-output>
        </test-method> <!-- setupLogger -->
        <test-method status="PASS" signature="validatingCloseBrowser()[pri:0, instance:com.qa.testsuites.TestSuite@57fffcd7]" name="validatingCloseBrowser" duration-ms="1203" started-at="2019-05-20T02:39:33Z" finished-at="2019-05-20T02:39:34Z">
          <reporter-output>
          </reporter-output>
        </test-method> <!-- validatingCloseBrowser -->
      </class> <!-- com.qa.testsuites.TestSuite -->
    </test> <!-- TestSuite -->
  </suite> <!-- Automation -->
</testng-results>
