<?xml version="1.0" encoding="UTF-8"?>
<!-- Generated by org.testng.reporters.JUnitXMLReporter -->
<testsuite hostname="Navinkumar_Singh_Laptop" name="LoginToTheApplication" tests="2" failures="0" timestamp="16 May 2019 12:19:18 GMT" time="46.298" errors="0">
  <testcase name="@BeforeClass initFramewotk" time="0.0" classname="com.qa.testsuites.LoginToTheApplication">
    <failure type="java.lang.UnsatisfiedLinkError" message="Failed to create temporary file for /com/sun/jna/win32-x86-64/jnidispatch.dll library: C:\Users\NAVINK~1.SIN\AppData\Local\Temp\jna-2034643575\jna2172169902027444519.dll (The process cannot access the file because it is being used by another process)">
      <![CDATA[java.lang.UnsatisfiedLinkError: Failed to create temporary file for /com/sun/jna/win32-x86-64/jnidispatch.dll library: C:\Users\NAVINK~1.SIN\AppData\Local\Temp\jna-2034643575\jna2172169902027444519.dll (The process cannot access the file because it is being used by another process)
	at com.sun.jna.Native.loadNativeDispatchLibraryFromClasspath(Native.java:776)
	at com.sun.jna.Native.loadNativeDispatchLibrary(Native.java:736)
	at com.sun.jna.Native.<clinit>(Native.java:131)
	at org.openqa.selenium.os.Kernel32.<clinit>(Kernel32.java:34)
	at org.openqa.selenium.os.ProcessUtils.killWinProcess(ProcessUtils.java:133)
	at org.openqa.selenium.os.ProcessUtils.killProcess(ProcessUtils.java:81)
	at org.openqa.selenium.os.UnixProcess$SeleniumWatchDog.destroyHarder(UnixProcess.java:247)
	at org.openqa.selenium.os.UnixProcess$SeleniumWatchDog.access$200(UnixProcess.java:201)
	at org.openqa.selenium.os.UnixProcess.destroy(UnixProcess.java:125)
	at org.openqa.selenium.os.CommandLine.destroy(CommandLine.java:155)
	at org.openqa.selenium.firefox.FirefoxBinary.quit(FirefoxBinary.java:246)
	at org.openqa.selenium.firefox.internal.NewProfileExtensionConnection.quit(NewProfileExtensionConnection.java:194)
	at org.openqa.selenium.firefox.FirefoxDriver$LazyCommandExecutor.quit(FirefoxDriver.java:364)
	at org.openqa.selenium.firefox.FirefoxDriver.stopClient(FirefoxDriver.java:310)
	at org.openqa.selenium.remote.RemoteWebDriver.<init>(RemoteWebDriver.java:122)
	at org.openqa.selenium.firefox.FirefoxDriver.<init>(FirefoxDriver.java:216)
	at org.openqa.selenium.firefox.FirefoxDriver.<init>(FirefoxDriver.java:211)
	at org.openqa.selenium.firefox.FirefoxDriver.<init>(FirefoxDriver.java:207)
	at org.openqa.selenium.firefox.FirefoxDriver.<init>(FirefoxDriver.java:120)
	at com.qa.common.WebDriverBase.initiateDriver(WebDriverBase.java:96)
	at com.qa.common.WebDriverBase.initFramewotk(WebDriverBase.java:40)
... Removed 24 stack frames]]>
    </failure>
  </testcase> <!-- @BeforeClass initFramewotk -->
  <testcase name="@BeforeClass launchApplication" time="0.0" classname="com.qa.testsuites.LoginToTheApplication">
    <skipped/>
  </testcase> <!-- @BeforeClass launchApplication -->
  <testcase name="@BeforeClass loadDataProperties" time="0.0" classname="com.qa.testsuites.LoginToTheApplication">
    <skipped/>
  </testcase> <!-- @BeforeClass loadDataProperties -->
  <testcase name="@BeforeMethod setupLogger" time="0.0" classname="com.qa.testsuites.LoginToTheApplication">
    <skipped/>
  </testcase> <!-- @BeforeMethod setupLogger -->
  <testcase name="@BeforeMethod setupLogger" time="0.0" classname="com.qa.testsuites.LoginToTheApplication">
    <skipped/>
  </testcase> <!-- @BeforeMethod setupLogger -->
  <testcase name="loginToApplication" time="0.001" classname="com.qa.testsuites.LoginToTheApplication">
    <skipped/>
  </testcase> <!-- loginToApplication -->
  <testcase name="validatingCloseBrowser" time="0.001" classname="com.qa.testsuites.LoginToTheApplication">
    <skipped/>
  </testcase> <!-- validatingCloseBrowser -->
</testsuite> <!-- LoginToTheApplication -->
