<?xml version="1.0" encoding="UTF-8"?>
<!-- Generated by org.testng.reporters.JUnitXMLReporter -->
<testsuite hostname="admin-PC" name="Default test(failed)" tests="2" failures="2" timestamp="10 Sep 2015 12:51:44 GMT" time="45.704" errors="0">
  <testcase name="verifyGroupInViewGroupsTab" time="11.384" classname="isteer.qa.test.kodiak.testsuites.Kodiak_CAT_BasicSearchTestCase">
    <failure type="java.lang.AssertionError" message="Failed to search a phone number in MasterList Navigation serach box expected [true] but found [false]">
      <![CDATA[java.lang.AssertionError: Failed to search a phone number in MasterList Navigation serach box expected [true] but found [false]
	at isteer.qa.test.kodiak.testsuites.Kodiak_CAT_BasicSearchTestCase.verifyGroupInViewGroupsTab(Kodiak_CAT_BasicSearchTestCase.java:300)
... Removed 27 stack frames]]>
    </failure>
  </testcase> <!-- verifyGroupInViewGroupsTab -->
  <testcase name="searchInvalidGroupNameInViewGroupsTab" time="11.353" classname="isteer.qa.test.kodiak.testsuites.Kodiak_CAT_BasicSearchTestCase">
    <failure type="java.lang.AssertionError" message="Failed to search a phone number in MasterList Navigation serach box expected [true] but found [false]">
      <![CDATA[java.lang.AssertionError: Failed to search a phone number in MasterList Navigation serach box expected [true] but found [false]
	at isteer.qa.test.kodiak.testsuites.Kodiak_CAT_BasicSearchTestCase.searchInvalidGroupNameInViewGroupsTab(Kodiak_CAT_BasicSearchTestCase.java:320)
... Removed 27 stack frames]]>
    </failure>
  </testcase> <!-- searchInvalidGroupNameInViewGroupsTab -->
</testsuite> <!-- Default test(failed) -->
